[2025-06-30 15:03:09,395] numexpr.utils - INFO - NumExpr defaulting to 8 threads.
[2025-06-30 15:03:20,400] tensorflow - DEBUG - Falling back to TensorFlow client; we recommended you install the Cloud TPU client directly with pip install cloud-tpu-client.
[2025-06-30 15:03:23,590] h5py._conv - DEBUG - Creating converter from 7 to 5
[2025-06-30 15:03:23,590] h5py._conv - DEBUG - Creating converter from 5 to 7
[2025-06-30 15:03:23,590] h5py._conv - DEBUG - Creating converter from 7 to 5
[2025-06-30 15:03:23,590] h5py._conv - DEBUG - Creating converter from 5 to 7
[2025-06-30 15:03:30,354] asyncio - DEBUG - Using proactor: IocpProactor
[2025-06-30 15:04:46,039] root - INFO - Entered the run_pipeline method of PredictionPipeline class
[2025-06-30 15:04:46,041] root - INFO - Entered the get_model_from_gcloud method of PredictionPipeline class
[2025-06-30 15:04:59,030] root - INFO - Exited the get_model_from_gcloud method of PredictionPipeline class
[2025-06-30 15:04:59,031] root - INFO - Running the predict function
[2025-06-30 15:04:59,031] root - INFO - Entered the get_model_from_gcloud method of PredictionPipeline class
[2025-06-30 15:05:07,991] root - INFO - Exited the get_model_from_gcloud method of PredictionPipeline class
[2025-06-30 15:05:08,293] h5py._conv - DEBUG - Creating converter from 3 to 5
[2025-06-30 15:05:09,730] root - INFO - Entered into the concat_data_cleaning function
[2025-06-30 15:05:09,763] root - INFO - Exited the concat_data_cleaning function
[2025-06-30 15:05:11,023] root - INFO - Exited the run_pipeline method of PredictionPipeline class
[2025-06-30 15:14:01,705] root - INFO - Entered the run_pipeline method of PredictionPipeline class
[2025-06-30 15:14:01,705] root - INFO - Entered the get_model_from_gcloud method of PredictionPipeline class
[2025-06-30 15:14:11,810] root - INFO - Exited the get_model_from_gcloud method of PredictionPipeline class
[2025-06-30 15:14:11,811] root - INFO - Running the predict function
[2025-06-30 15:14:11,811] root - INFO - Entered the get_model_from_gcloud method of PredictionPipeline class
[2025-06-30 15:14:20,440] root - INFO - Exited the get_model_from_gcloud method of PredictionPipeline class
[2025-06-30 15:14:21,089] root - INFO - Entered into the concat_data_cleaning function
[2025-06-30 15:14:21,090] root - INFO - Exited the concat_data_cleaning function
[2025-06-30 15:14:21,655] root - INFO - Exited the run_pipeline method of PredictionPipeline class
